时间：2017/10/21 10:18:41
详细信息：
Application start......
-----------------------------
时间：2017/10/21 10:31:18
详细信息：
Application end.
-----------------------------
时间：2017/10/21 10:31:30
详细信息：
Application start......
-----------------------------
时间：2017/10/21 10:37:47
详细信息：
WebService:Logout 返回结果非xml格式
-----------------------------
时间：2017/10/21 10:41:14
详细信息：
WebService:Logout 返回结果非xml格式
-----------------------------
时间：2017/10/21 10:43:22
详细信息：
WebService:Logout 返回结果非xml格式
-----------------------------
时间：2017/10/21 10:43:59
详细信息：
WebService:Logout 返回结果非xml格式
-----------------------------
时间：2017/10/21 10:45:02
详细信息：
Application end.
-----------------------------
时间：2017/10/21 10:45:10
详细信息：
Application start......
-----------------------------
时间：2017/10/21 11:17:12
详细信息：
Application end.
-----------------------------
时间：2017/10/21 11:21:06
详细信息：
Application start......
-----------------------------
时间：2017/10/21 11:38:25
详细信息：
Application end.
-----------------------------
时间：2017/10/21 11:38:27
详细信息：
Application start......
-----------------------------
时间：2017/10/21 11:47:31
详细信息：
Application end.
-----------------------------
时间：2017/10/21 11:47:32
详细信息：
Application start......
-----------------------------
时间：2017/10/21 14:54:51
详细信息：
Application end.
-----------------------------
时间：2017/10/21 14:55:11
详细信息：
Application start......
-----------------------------
时间：2017/10/21 15:07:55
详细信息：
Application end.
-----------------------------
时间：2017/10/21 15:08:08
详细信息：
Application start......
-----------------------------
时间：2017/10/21 15:25:44
详细信息：
Application end.
-----------------------------
时间：2017/10/21 15:25:59
详细信息：
Application start......
-----------------------------
时间：2017/10/21 15:31:03
详细信息：
Application end.
-----------------------------
时间：2017/10/21 15:31:11
详细信息：
Application start......
-----------------------------
时间：2017/10/21 15:31:15
详细信息：
Application end.
-----------------------------
时间：2017/10/21 15:38:11
详细信息：
Application start......
-----------------------------
时间：2017/10/21 15:48:20
详细信息：
Application end.
-----------------------------
时间：2017/10/21 15:48:28
详细信息：
Application start......
-----------------------------
时间：2017/10/21 15:50:16
详细信息：
Application end.
-----------------------------
时间：2017/10/21 15:50:35
详细信息：
Application start......
-----------------------------
时间：2017/10/21 15:51:40
详细信息：
Application end.
-----------------------------
时间：2017/10/21 15:51:57
详细信息：
Application start......
-----------------------------
时间：2017/10/21 15:57:23
详细信息：
WebService:Logout 返回结果非xml格式
-----------------------------
时间：2017/10/21 15:57:29
详细信息：
WebService:Logout 返回结果非xml格式
-----------------------------
时间：2017/10/21 16:00:13
详细信息：
Application end.
-----------------------------
时间：2017/10/21 16:00:34
详细信息：
Application start......
-----------------------------
时间：2017/10/21 16:00:36
详细信息：
Application end.
-----------------------------
时间：2017/10/21 16:00:56
详细信息：
Application start......
-----------------------------
时间：2017/10/21 16:03:37
详细信息：
Application end.
-----------------------------
时间：2017/10/21 16:03:53
详细信息：
Application start......
-----------------------------
时间：2017/10/21 16:03:55
详细信息：
Application end.
-----------------------------
时间：2017/10/21 16:03:59
详细信息：
Application start......
-----------------------------
时间：2017/10/21 16:04:00
详细信息：
Application end.
-----------------------------
时间：2017/10/21 16:04:21
详细信息：
Application start......
-----------------------------
时间：2017/10/21 16:07:15
详细信息：
Application end.
-----------------------------
时间：2017/10/21 16:07:58
详细信息：
Application start......
-----------------------------
时间：2017/10/21 16:08:15
详细信息：
WebService:Logout 返回结果非xml格式
-----------------------------
时间：2017/10/21 16:12:08
详细信息：
Application end.
-----------------------------
时间：2017/10/21 16:29:35
详细信息：
Application start......
-----------------------------
时间：2017/10/21 16:31:31
详细信息：
Application end.
-----------------------------
时间：2017/10/21 16:31:39
详细信息：
Application start......
-----------------------------
时间：2017/10/21 16:33:26
详细信息：
WebService:Logout 返回结果非xml格式
-----------------------------
时间：2017/10/21 16:34:40
详细信息：
Application end.
-----------------------------
时间：2017/10/21 16:36:51
详细信息：
Application start......
-----------------------------
时间：2017/10/21 16:38:54
详细信息：
Application end.
-----------------------------
时间：2017/10/21 16:39:08
详细信息：
Application start......
-----------------------------
时间：2017/10/21 16:43:40
详细信息：
Application end.
-----------------------------
时间：2017/10/21 16:43:48
详细信息：
Application start......
-----------------------------
时间：2017/10/21 16:44:32
详细信息：
Application end.
-----------------------------
时间：2017/10/21 16:45:34
详细信息：
Application start......
-----------------------------
时间：2017/10/21 16:49:45
详细信息：
Application end.
-----------------------------
时间：2017/10/21 16:50:45
详细信息：
Application start......
-----------------------------
时间：2017/10/21 16:55:07
详细信息：
Application end.
-----------------------------
时间：2017/10/21 16:55:14
详细信息：
Application start......
-----------------------------
时间：2017/10/21 17:02:30
详细信息：
Application end.
-----------------------------
时间：2017/10/21 17:02:50
详细信息：
Application start......
-----------------------------
时间：2017/10/21 17:18:17
详细信息：
Application end.
-----------------------------
时间：2017/10/21 17:18:53
详细信息：
Application start......
-----------------------------
时间：2017/10/21 17:20:16
详细信息：
Application end.
-----------------------------
时间：2017/10/21 17:21:59
详细信息：
Application start......
-----------------------------
时间：2017/10/21 18:08:47
详细信息：
Application end.
-----------------------------
时间：2017/10/21 18:08:55
详细信息：
Application start......
-----------------------------
时间：2017/10/21 18:13:04
详细信息：
Application end.
-----------------------------
时间：2017/10/21 18:13:42
详细信息：
Application start......
-----------------------------
时间：2017/10/21 18:19:22
详细信息：
Application end.
-----------------------------
时间：2017/10/21 18:19:45
详细信息：
Application start......
-----------------------------
时间：2017/10/21 18:21:18
详细信息：
Application end.
-----------------------------
时间：2017/10/21 18:21:38
详细信息：
Application start......
-----------------------------
时间：2017/10/21 18:21:59
详细信息：
Application end.
-----------------------------
时间：2017/10/21 18:22:35
详细信息：
Application start......
-----------------------------
时间：2017/10/21 18:24:27
详细信息：
Application end.
-----------------------------
时间：2017/10/21 18:25:00
详细信息：
Application start......
-----------------------------
时间：2017/10/21 18:30:04
详细信息：
Application end.
-----------------------------
时间：2017/10/21 18:30:26
详细信息：
Application start......
-----------------------------
时间：2017/10/21 18:30:38
详细信息：
Application end.
-----------------------------
时间：2017/10/21 18:30:47
详细信息：
Application start......
-----------------------------
时间：2017/10/21 18:44:58
详细信息：
Application end.
-----------------------------
时间：2017/10/21 18:47:12
详细信息：
Application start......
-----------------------------
时间：2017/10/21 18:58:13
详细信息：
Application end.
-----------------------------
时间：2017/10/21 18:58:22
详细信息：
Application start......
-----------------------------
时间：2017/10/21 19:04:13
详细信息：
Application end.
-----------------------------
时间：2017/10/21 19:04:21
详细信息：
Application start......
-----------------------------
时间：2017/10/21 19:14:18
详细信息：
Application end.
-----------------------------
时间：2017/10/21 19:14:39
详细信息：
Application start......
-----------------------------
时间：2017/10/21 19:16:43
详细信息：
Application end.
-----------------------------
时间：2017/10/21 19:19:52
详细信息：
Application start......
-----------------------------
时间：2017/10/21 19:23:09
详细信息：
Application end.
-----------------------------
时间：2017/10/21 19:23:27
详细信息：
Application start......
-----------------------------
时间：2017/10/21 19:23:53
详细信息：
Application end.
-----------------------------
时间：2017/10/21 19:24:07
详细信息：
Application start......
-----------------------------
时间：2017/10/21 19:33:24
详细信息：
Application end.
-----------------------------
时间：2017/10/21 19:33:46
详细信息：
Application start......
-----------------------------
时间：2017/10/21 19:35:32
详细信息：
Application end.
-----------------------------
时间：2017/10/21 19:35:49
详细信息：
Application start......
-----------------------------
时间：2017/10/21 19:41:24
详细信息：
Application end.
-----------------------------
时间：2017/10/21 19:41:43
详细信息：
Application start......
-----------------------------
时间：2017/10/21 19:46:40
详细信息：
Application end.
-----------------------------
时间：2017/10/21 19:47:01
详细信息：
Application start......
-----------------------------
时间：2017/10/21 19:47:42
详细信息：
Application end.
-----------------------------
时间：2017/10/21 19:48:50
详细信息：
Application start......
-----------------------------
时间：2017/10/21 20:01:07
详细信息：
Application end.
-----------------------------
时间：2017/10/21 20:01:27
详细信息：
Application start......
-----------------------------
时间：2017/10/21 20:05:39
详细信息：
Application end.
-----------------------------
时间：2017/10/21 20:05:54
详细信息：
Application start......
-----------------------------
时间：2017/10/21 20:09:34
详细信息：
Application end.
-----------------------------
时间：2017/10/21 20:10:39
详细信息：
Application start......
-----------------------------
时间：2017/10/21 20:16:05
详细信息：
Application end.
-----------------------------
时间：2017/10/21 20:16:27
详细信息：
Application start......
-----------------------------
时间：2017/10/21 20:18:31
详细信息：
Application end.
-----------------------------
时间：2017/10/21 20:18:39
详细信息：
Application start......
-----------------------------
时间：2017/10/21 20:18:40
详细信息：
Error Caught in Application_Error event
Error Message:c:\Users\rox\Desktop\Project_ZY_20171021\Project\Pro.Web\Pro.Web.EA\T02Equipment\EquipmentList.aspx.cs(51): error CS1061: “Pro.Web.EALogic.EquipmentInfoLogic”不包含“GetNotGrantEquipment”的定义，并且找不到可接受类型为“Pro.Web.EALogic.EquipmentInfoLogic”的第一个参数的扩展方法“GetNotGrantEquipment”(是否缺少 using 指令或程序集引用?)
Stack Trace:   在 System.Web.Compilation.BuildManager.CompileWebFile(VirtualPath virtualPath)
   在 System.Web.Compilation.BuildManager.GetVPathBuildResultInternal(VirtualPath virtualPath, Boolean noBuild, Boolean allowCrossApp, Boolean allowBuildInPrecompile, Boolean throwIfNotFound, Boolean ensureIsUpToDate)
   在 System.Web.Compilation.BuildManager.GetVPathBuildResultWithNoAssert(HttpContext context, VirtualPath virtualPath, Boolean noBuild, Boolean allowCrossApp, Boolean allowBuildInPrecompile, Boolean throwIfNotFound, Boolean ensureIsUpToDate)
   在 System.Web.Compilation.BuildManager.GetVirtualPathObjectFactory(VirtualPath virtualPath, HttpContext context, Boolean allowCrossApp, Boolean throwIfNotFound)
   在 System.Web.Compilation.BuildManager.CreateInstanceFromVirtualPath(VirtualPath virtualPath, Type requiredBaseType, HttpContext context, Boolean allowCrossApp)
   在 System.Web.UI.PageHandlerFactory.GetHandlerHelper(HttpContext context, String requestType, VirtualPath virtualPath, String physicalPath)
   在 System.Web.UI.PageHandlerFactory.GetHandler(HttpContext context, String requestType, String virtualPath, String path)
   在 System.Web.HttpApplication.MaterializeHandlerExecutionStep.System.Web.HttpApplication.IExecutionStep.Execute()
   在 System.Web.HttpApplication.ExecuteStep(IExecutionStep step, Boolean& completedSynchronously)
-----------------------------
时间：2017/10/21 20:19:01
详细信息：
Error Caught in Application_Error event
Error Message:c:\Users\rox\Desktop\Project_ZY_20171021\Project\Pro.Web\Pro.Web.EA\T02Equipment\EquipmentList.aspx.cs(51): error CS1061: “Pro.Web.EALogic.EquipmentInfoLogic”不包含“GetNotGrantEquipment”的定义，并且找不到可接受类型为“Pro.Web.EALogic.EquipmentInfoLogic”的第一个参数的扩展方法“GetNotGrantEquipment”(是否缺少 using 指令或程序集引用?)
Stack Trace:   在 System.Web.Compilation.BuildManager.CompileWebFile(VirtualPath virtualPath)
   在 System.Web.Compilation.BuildManager.GetVPathBuildResultInternal(VirtualPath virtualPath, Boolean noBuild, Boolean allowCrossApp, Boolean allowBuildInPrecompile, Boolean throwIfNotFound, Boolean ensureIsUpToDate)
   在 System.Web.Compilation.BuildManager.GetVPathBuildResultWithNoAssert(HttpContext context, VirtualPath virtualPath, Boolean noBuild, Boolean allowCrossApp, Boolean allowBuildInPrecompile, Boolean throwIfNotFound, Boolean ensureIsUpToDate)
   在 System.Web.Compilation.BuildManager.GetVirtualPathObjectFactory(VirtualPath virtualPath, HttpContext context, Boolean allowCrossApp, Boolean throwIfNotFound)
   在 System.Web.Compilation.BuildManager.CreateInstanceFromVirtualPath(VirtualPath virtualPath, Type requiredBaseType, HttpContext context, Boolean allowCrossApp)
   在 System.Web.UI.PageHandlerFactory.GetHandlerHelper(HttpContext context, String requestType, VirtualPath virtualPath, String physicalPath)
   在 System.Web.UI.PageHandlerFactory.GetHandler(HttpContext context, String requestType, String virtualPath, String path)
   在 System.Web.HttpApplication.MaterializeHandlerExecutionStep.System.Web.HttpApplication.IExecutionStep.Execute()
   在 System.Web.HttpApplication.ExecuteStep(IExecutionStep step, Boolean& completedSynchronously)
-----------------------------
时间：2017/10/21 20:19:21
详细信息：
Error Caught in Application_Error event
Error Message:c:\Users\rox\Desktop\Project_ZY_20171021\Project\Pro.Web\Pro.Web.EA\T02Equipment\EquipmentList.aspx.cs(51): error CS1061: “Pro.Web.EALogic.EquipmentInfoLogic”不包含“GetNotGrantEquipment”的定义，并且找不到可接受类型为“Pro.Web.EALogic.EquipmentInfoLogic”的第一个参数的扩展方法“GetNotGrantEquipment”(是否缺少 using 指令或程序集引用?)
Stack Trace:   在 System.Web.Compilation.BuildManager.CompileWebFile(VirtualPath virtualPath)
   在 System.Web.Compilation.BuildManager.GetVPathBuildResultInternal(VirtualPath virtualPath, Boolean noBuild, Boolean allowCrossApp, Boolean allowBuildInPrecompile, Boolean throwIfNotFound, Boolean ensureIsUpToDate)
   在 System.Web.Compilation.BuildManager.GetVPathBuildResultWithNoAssert(HttpContext context, VirtualPath virtualPath, Boolean noBuild, Boolean allowCrossApp, Boolean allowBuildInPrecompile, Boolean throwIfNotFound, Boolean ensureIsUpToDate)
   在 System.Web.Compilation.BuildManager.GetVirtualPathObjectFactory(VirtualPath virtualPath, HttpContext context, Boolean allowCrossApp, Boolean throwIfNotFound)
   在 System.Web.Compilation.BuildManager.CreateInstanceFromVirtualPath(VirtualPath virtualPath, Type requiredBaseType, HttpContext context, Boolean allowCrossApp)
   在 System.Web.UI.PageHandlerFactory.GetHandlerHelper(HttpContext context, String requestType, VirtualPath virtualPath, String physicalPath)
   在 System.Web.UI.PageHandlerFactory.GetHandler(HttpContext context, String requestType, String virtualPath, String path)
   在 System.Web.HttpApplication.MaterializeHandlerExecutionStep.System.Web.HttpApplication.IExecutionStep.Execute()
   在 System.Web.HttpApplication.ExecuteStep(IExecutionStep step, Boolean& completedSynchronously)
-----------------------------
时间：2017/10/21 20:19:41
详细信息：
Error Caught in Application_Error event
Error Message:c:\Users\rox\Desktop\Project_ZY_20171021\Project\Pro.Web\Pro.Web.EA\T02Equipment\EquipmentList.aspx.cs(51): error CS1061: “Pro.Web.EALogic.EquipmentInfoLogic”不包含“GetNotGrantEquipment”的定义，并且找不到可接受类型为“Pro.Web.EALogic.EquipmentInfoLogic”的第一个参数的扩展方法“GetNotGrantEquipment”(是否缺少 using 指令或程序集引用?)
Stack Trace:   在 System.Web.Compilation.BuildManager.CompileWebFile(VirtualPath virtualPath)
   在 System.Web.Compilation.BuildManager.GetVPathBuildResultInternal(VirtualPath virtualPath, Boolean noBuild, Boolean allowCrossApp, Boolean allowBuildInPrecompile, Boolean throwIfNotFound, Boolean ensureIsUpToDate)
   在 System.Web.Compilation.BuildManager.GetVPathBuildResultWithNoAssert(HttpContext context, VirtualPath virtualPath, Boolean noBuild, Boolean allowCrossApp, Boolean allowBuildInPrecompile, Boolean throwIfNotFound, Boolean ensureIsUpToDate)
   在 System.Web.Compilation.BuildManager.GetVirtualPathObjectFactory(VirtualPath virtualPath, HttpContext context, Boolean allowCrossApp, Boolean throwIfNotFound)
   在 System.Web.Compilation.BuildManager.CreateInstanceFromVirtualPath(VirtualPath virtualPath, Type requiredBaseType, HttpContext context, Boolean allowCrossApp)
   在 System.Web.UI.PageHandlerFactory.GetHandlerHelper(HttpContext context, String requestType, VirtualPath virtualPath, String physicalPath)
   在 System.Web.UI.PageHandlerFactory.GetHandler(HttpContext context, String requestType, String virtualPath, String path)
   在 System.Web.HttpApplication.MaterializeHandlerExecutionStep.System.Web.HttpApplication.IExecutionStep.Execute()
   在 System.Web.HttpApplication.ExecuteStep(IExecutionStep step, Boolean& completedSynchronously)
-----------------------------
时间：2017/10/21 20:19:49
详细信息：
Application end.
-----------------------------
时间：2017/10/21 20:20:02
详细信息：
Application start......
-----------------------------
时间：2017/10/21 20:20:02
详细信息：
Error Caught in Application_Error event
Error Message:c:\Users\rox\Desktop\Project_ZY_20171021\Project\Pro.Web\Pro.Web.EA\T02Equipment\EquipmentList.aspx.cs(51): error CS1061: “Pro.Web.EALogic.EquipmentInfoLogic”不包含“GetNotGrantEquipment”的定义，并且找不到可接受类型为“Pro.Web.EALogic.EquipmentInfoLogic”的第一个参数的扩展方法“GetNotGrantEquipment”(是否缺少 using 指令或程序集引用?)
Stack Trace:   在 System.Web.Compilation.BuildManager.CompileWebFile(VirtualPath virtualPath)
   在 System.Web.Compilation.BuildManager.GetVPathBuildResultInternal(VirtualPath virtualPath, Boolean noBuild, Boolean allowCrossApp, Boolean allowBuildInPrecompile, Boolean throwIfNotFound, Boolean ensureIsUpToDate)
   在 System.Web.Compilation.BuildManager.GetVPathBuildResultWithNoAssert(HttpContext context, VirtualPath virtualPath, Boolean noBuild, Boolean allowCrossApp, Boolean allowBuildInPrecompile, Boolean throwIfNotFound, Boolean ensureIsUpToDate)
   在 System.Web.Compilation.BuildManager.GetVirtualPathObjectFactory(VirtualPath virtualPath, HttpContext context, Boolean allowCrossApp, Boolean throwIfNotFound)
   在 System.Web.Compilation.BuildManager.CreateInstanceFromVirtualPath(VirtualPath virtualPath, Type requiredBaseType, HttpContext context, Boolean allowCrossApp)
   在 System.Web.UI.PageHandlerFactory.GetHandlerHelper(HttpContext context, String requestType, VirtualPath virtualPath, String physicalPath)
   在 System.Web.UI.PageHandlerFactory.GetHandler(HttpContext context, String requestType, String virtualPath, String path)
   在 System.Web.HttpApplication.MaterializeHandlerExecutionStep.System.Web.HttpApplication.IExecutionStep.Execute()
   在 System.Web.HttpApplication.ExecuteStep(IExecutionStep step, Boolean& completedSynchronously)
-----------------------------
时间：2017/10/21 20:20:34
详细信息：
Application start......
-----------------------------
时间：2017/10/21 20:22:17
详细信息：
Application start......
-----------------------------
时间：2017/10/21 20:23:59
详细信息：
Application end.
-----------------------------
时间：2017/10/21 20:24:42
详细信息：
Application start......
-----------------------------
时间：2017/10/21 20:25:23
详细信息：
WebService:Logout 返回结果非xml格式
-----------------------------
时间：2017/10/21 20:36:20
详细信息：
Application end.
-----------------------------
时间：2017/10/21 20:37:41
详细信息：
Application start......
-----------------------------
时间：2017/10/21 20:50:59
详细信息：
Application end.
-----------------------------
时间：2017/10/21 20:55:31
详细信息：
Application start......
-----------------------------
时间：2017/10/21 21:11:38
详细信息：
WebService:Logout 返回结果非xml格式
-----------------------------
时间：2017/10/21 21:11:49
详细信息：
WebService:Logout 返回结果非xml格式
-----------------------------
时间：2017/10/21 21:13:04
详细信息：
Application end.
-----------------------------
时间：2017/10/21 21:13:12
详细信息：
Application start......
-----------------------------
时间：2017/10/21 21:15:06
详细信息：
WebService:Logout 返回结果非xml格式
-----------------------------
时间：2017/10/21 21:47:27
详细信息：
Application end.
-----------------------------
时间：2017/10/21 21:47:36
详细信息：
Application start......
-----------------------------
时间：2017/10/21 22:02:37
详细信息：
Application end.
-----------------------------
时间：2017/10/21 22:03:29
详细信息：
Application start......
-----------------------------
时间：2017/10/21 22:06:05
详细信息：
Application end.
-----------------------------
时间：2017/10/21 22:06:13
详细信息：
Application start......
-----------------------------
时间：2017/10/21 22:07:06
详细信息：
Application end.
-----------------------------
时间：2017/10/21 22:07:30
详细信息：
Application start......
-----------------------------
时间：2017/10/21 22:07:56
详细信息：
Application end.
-----------------------------
时间：2017/10/21 22:08:04
详细信息：
Application start......
-----------------------------
时间：2017/10/21 22:13:33
详细信息：
Application end.
-----------------------------
时间：2017/10/21 22:13:45
详细信息：
Application start......
-----------------------------
时间：2017/10/21 22:23:48
详细信息：
Application end.
-----------------------------
时间：2017/10/21 22:24:03
详细信息：
Application start......
-----------------------------
时间：2017/10/21 22:24:27
详细信息：
Application end.
-----------------------------
时间：2017/10/21 22:24:36
详细信息：
Application start......
-----------------------------
时间：2017/10/21 22:25:29
详细信息：
Application end.
-----------------------------
时间：2017/10/21 22:25:57
详细信息：
Application start......
-----------------------------
时间：2017/10/21 22:28:44
详细信息：
Application end.
-----------------------------
时间：2017/10/21 22:29:00
详细信息：
Application start......
-----------------------------
时间：2017/10/21 22:37:52
详细信息：
Application end.
-----------------------------
时间：2017/10/21 22:38:08
详细信息：
Application start......
-----------------------------
时间：2017/10/21 22:46:33
详细信息：
Application end.
-----------------------------
时间：2017/10/21 22:47:01
详细信息：
Application start......
-----------------------------
时间：2017/10/21 22:48:00
详细信息：
Application end.
-----------------------------
时间：2017/10/21 22:48:18
详细信息：
Application start......
-----------------------------
时间：2017/10/21 22:48:59
详细信息：
Application end.
-----------------------------
时间：2017/10/21 22:52:21
详细信息：
Application start......
-----------------------------
时间：2017/10/21 22:53:18
详细信息：
Application end.
-----------------------------
时间：2017/10/21 22:53:37
详细信息：
Application start......
-----------------------------
时间：2017/10/21 23:08:52
详细信息：
Application end.
-----------------------------
时间：2017/10/21 23:09:10
详细信息：
Application start......
-----------------------------
时间：2017/10/21 23:10:53
详细信息：
Application end.
-----------------------------
时间：2017/10/21 23:11:08
详细信息：
Application start......
-----------------------------
时间：2017/10/21 23:11:38
详细信息：
Application end.
-----------------------------
时间：2017/10/21 23:12:01
详细信息：
Application start......
-----------------------------
时间：2017/10/21 23:12:31
详细信息：
Application end.
-----------------------------
时间：2017/10/21 23:13:21
详细信息：
Application start......
-----------------------------
时间：2017/10/21 23:15:10
详细信息：
Application end.
-----------------------------
时间：2017/10/21 23:18:43
详细信息：
Application start......
-----------------------------
时间：2017/10/21 23:20:35
详细信息：
Application end.
-----------------------------
时间：2017/10/21 23:21:10
详细信息：
Application start......
-----------------------------
