时间：2017/10/18 11:23:18
详细信息：
Application start......
-----------------------------
时间：2017/10/18 11:34:53
详细信息：
WebService:Logout 返回结果非xml格式
-----------------------------
时间：2017/10/18 11:35:17
详细信息：
WebService:Logout 返回结果非xml格式
-----------------------------
时间：2017/10/18 11:35:49
详细信息：
WebService:Logout 返回结果非xml格式
-----------------------------
时间：2017/10/18 11:37:39
详细信息：
Application end.
-----------------------------
时间：2017/10/18 11:37:40
详细信息：
Application start......
-----------------------------
时间：2017/10/18 11:48:15
详细信息：
Application end.
-----------------------------
时间：2017/10/18 11:48:25
详细信息：
Application start......
-----------------------------
时间：2017/10/18 11:48:30
详细信息：
Application end.
-----------------------------
时间：2017/10/18 11:48:41
详细信息：
Application start......
-----------------------------
时间：2017/10/18 11:50:32
详细信息：
Application end.
-----------------------------
时间：2017/10/18 11:50:41
详细信息：
Application start......
-----------------------------
时间：2017/10/18 11:52:38
详细信息：
Application end.
-----------------------------
时间：2017/10/18 11:54:53
详细信息：
Application start......
-----------------------------
时间：2017/10/18 13:55:41
详细信息：
WebService:Logout 返回结果非xml格式
-----------------------------
时间：2017/10/18 13:56:32
详细信息：
WebService:Logout 返回结果非xml格式
-----------------------------
时间：2017/10/18 13:56:43
详细信息：
WebService:Logout 返回结果非xml格式
-----------------------------
时间：2017/10/18 13:58:50
详细信息：
Application end.
-----------------------------
时间：2017/10/18 13:59:44
详细信息：
Application start......
-----------------------------
时间：2017/10/18 14:00:28
详细信息：
WebService:Logout 返回结果非xml格式
-----------------------------
时间：2017/10/18 14:00:37
详细信息：
WebService:Logout 返回结果非xml格式
-----------------------------
时间：2017/10/18 14:14:43
详细信息：
Application end.
-----------------------------
时间：2017/10/18 14:14:50
详细信息：
Application start......
-----------------------------
时间：2017/10/18 14:14:53
详细信息：
Application end.
-----------------------------
时间：2017/10/18 14:15:00
详细信息：
Application start......
-----------------------------
时间：2017/10/18 14:16:39
详细信息：
Application end.
-----------------------------
时间：2017/10/18 14:17:03
详细信息：
Application start......
-----------------------------
时间：2017/10/18 14:17:23
详细信息：
WebService:Logout 返回结果非xml格式
-----------------------------
时间：2017/10/18 14:18:20
详细信息：
Application end.
-----------------------------
时间：2017/10/18 14:18:38
详细信息：
Application start......
-----------------------------
时间：2017/10/18 14:20:13
详细信息：
Application end.
-----------------------------
时间：2017/10/18 14:20:24
详细信息：
Application start......
-----------------------------
时间：2017/10/18 14:21:43
详细信息：
Application end.
-----------------------------
时间：2017/10/18 14:42:36
详细信息：
Application start......
-----------------------------
时间：2017/10/18 16:42:38
详细信息：
Application end.
-----------------------------
