时间：2017/10/9 18:00:33
详细信息：
Application end.
-----------------------------
时间：2017/10/9 22:02:21
详细信息：
Application start......
-----------------------------
时间：2017/10/9 22:05:13
详细信息：
Application end.
-----------------------------
时间：2017/10/9 22:05:58
详细信息：
Application start......
-----------------------------
时间：2017/10/9 22:19:20
详细信息：
Application end.
-----------------------------
时间：2017/10/9 22:21:23
详细信息：
Application start......
-----------------------------
时间：2017/10/9 22:23:33
详细信息：
Application end.
-----------------------------
时间：2017/10/9 22:25:17
详细信息：
Application start......
-----------------------------
