时间：2017/10/17 9:59:22
详细信息：
Application start......
-----------------------------
时间：2017/10/17 10:17:04
详细信息：
EquipmentsGrant(批量添加)执行出错：索引超出了数组界限。
相关信息：App_Web_dxhrj4k5
-----------------------------
时间：2017/10/17 10:17:04
详细信息：
EquipmentsGrant(批量添加)执行出错：索引超出了数组界限。
相关信息：App_Web_dxhrj4k5
-----------------------------
时间：2017/10/17 10:17:04
详细信息：
EquipmentsGrant(批量添加)执行出错：索引超出了数组界限。
相关信息：App_Web_dxhrj4k5
-----------------------------
时间：2017/10/17 10:18:06
详细信息：
Application end.
-----------------------------
时间：2017/10/17 10:22:42
详细信息：
Application start......
-----------------------------
时间：2017/10/17 10:24:44
详细信息：
EquipmentsGrant(批量添加)执行出错：索引超出了数组界限。
相关信息：App_Web_tuzjssu5
-----------------------------
时间：2017/10/17 10:24:44
详细信息：
EquipmentsGrant(批量添加)执行出错：索引超出了数组界限。
相关信息：App_Web_tuzjssu5
-----------------------------
时间：2017/10/17 10:24:45
详细信息：
Application end.
-----------------------------
时间：2017/10/17 10:24:55
详细信息：
Application start......
-----------------------------
时间：2017/10/17 10:25:20
详细信息：
Application end.
-----------------------------
时间：2017/10/17 10:25:29
详细信息：
Application start......
-----------------------------
时间：2017/10/17 13:49:14
详细信息：
Application end.
-----------------------------
时间：2017/10/17 13:49:41
详细信息：
Application start......
-----------------------------
时间：2017/10/17 13:50:41
详细信息：
Application end.
-----------------------------
时间：2017/10/17 13:53:01
详细信息：
Application start......
-----------------------------
时间：2017/10/17 13:54:32
详细信息：
Application end.
-----------------------------
时间：2017/10/17 13:54:40
详细信息：
Application start......
-----------------------------
时间：2017/10/17 13:55:58
详细信息：
Application end.
-----------------------------
时间：2017/10/17 13:56:08
详细信息：
Application start......
-----------------------------
时间：2017/10/17 13:56:16
详细信息：
Application end.
-----------------------------
时间：2017/10/17 13:56:31
详细信息：
Application start......
-----------------------------
时间：2017/10/17 13:58:40
详细信息：
Application end.
-----------------------------
时间：2017/10/17 16:14:36
详细信息：
Application start......
-----------------------------
时间：2017/10/17 16:14:53
详细信息：
responseAJAX error:
  url:/ProWebEA/T02Equipment/UserEquipmentGrantList.aspx
  method:Delete4Ids
  message:webmethod(Delete4Ids) not exist.
-----------------------------
时间：2017/10/17 16:15:52
详细信息：
Application end.
-----------------------------
时间：2017/10/17 16:16:12
详细信息：
Application start......
-----------------------------
时间：2017/10/17 16:46:32
详细信息：
Application end.
-----------------------------
时间：2017/10/17 16:46:37
详细信息：
Application start......
-----------------------------
时间：2017/10/17 17:34:48
详细信息：
Application end.
-----------------------------
时间：2017/10/17 17:35:07
详细信息：
Application start......
-----------------------------
时间：2017/10/17 17:38:00
详细信息：
Application end.
-----------------------------
时间：2017/10/17 17:38:10
详细信息：
Application start......
-----------------------------
时间：2017/10/17 17:42:34
详细信息：
Application end.
-----------------------------
时间：2017/10/17 17:42:53
详细信息：
Application start......
-----------------------------
时间：2017/10/17 17:44:11
详细信息：
Application end.
-----------------------------
时间：2017/10/17 17:44:19
详细信息：
Application start......
-----------------------------
时间：2017/10/17 17:59:17
详细信息：
Application end.
-----------------------------
