时间：2017/10/16 10:26:10
详细信息：
Application start......
-----------------------------
时间：2017/10/16 10:26:56
详细信息：
WebServiceHelper.InvokeMethod执行出错：调用的目标发生了异常。
相关信息：
	method:GetMenuInfo
-----------------------------
时间：2017/10/16 10:26:56
详细信息：
Error Caught in Application_Error event
Error Message:未将对象引用设置到对象的实例。
Stack Trace:   在 AjaxPage.OnInit(EventArgs e) 位置 d:\Projects\Project\Pro.Web\Pro.Web.EA\App_Code\AjaxPage.cs:行号 44
   在 FramePage.OnInit(EventArgs e) 位置 d:\Projects\Project\Pro.Web\Pro.Web.EA\App_Code\FramePage.cs:行号 71
   在 System.Web.UI.Control.InitRecursive(Control namingContainer)
   在 System.Web.UI.Page.ProcessRequestMain(Boolean includeStagesBeforeAsyncPoint, Boolean includeStagesAfterAsyncPoint)
-----------------------------
时间：2017/10/16 10:27:15
详细信息：
WebServiceHelper.InvokeMethod执行出错：调用的目标发生了异常。
相关信息：
	method:GetMenuInfo
-----------------------------
时间：2017/10/16 10:27:15
详细信息：
Error Caught in Application_Error event
Error Message:未将对象引用设置到对象的实例。
Stack Trace:   在 AjaxPage.OnInit(EventArgs e) 位置 d:\Projects\Project\Pro.Web\Pro.Web.EA\App_Code\AjaxPage.cs:行号 44
   在 FramePage.OnInit(EventArgs e) 位置 d:\Projects\Project\Pro.Web\Pro.Web.EA\App_Code\FramePage.cs:行号 71
   在 System.Web.UI.Control.InitRecursive(Control namingContainer)
   在 System.Web.UI.Page.ProcessRequestMain(Boolean includeStagesBeforeAsyncPoint, Boolean includeStagesAfterAsyncPoint)
-----------------------------
时间：2017/10/16 10:27:20
详细信息：
Application end.
-----------------------------
时间：2017/10/16 10:28:12
详细信息：
Application start......
-----------------------------
时间：2017/10/16 10:29:32
详细信息：
Application end.
-----------------------------
时间：2017/10/16 10:29:53
详细信息：
Application start......
-----------------------------
时间：2017/10/16 10:31:01
详细信息：
Application end.
-----------------------------
时间：2017/10/16 10:37:53
详细信息：
Application start......
-----------------------------
时间：2017/10/16 10:40:34
详细信息：
WebService:Logout 返回结果非xml格式
-----------------------------
时间：2017/10/16 10:40:44
详细信息：
WebService:Logout 返回结果非xml格式
-----------------------------
时间：2017/10/16 10:41:10
详细信息：
WebService:Logout 返回结果非xml格式
-----------------------------
时间：2017/10/16 10:51:39
详细信息：
Application end.
-----------------------------
时间：2017/10/16 10:53:26
详细信息：
Application start......
-----------------------------
时间：2017/10/16 10:54:05
详细信息：
WebService:Logout 返回结果非xml格式
-----------------------------
时间：2017/10/16 10:54:23
详细信息：
WebService:Logout 返回结果非xml格式
-----------------------------
时间：2017/10/16 10:54:44
详细信息：
Application end.
-----------------------------
时间：2017/10/16 11:05:29
详细信息：
Application start......
-----------------------------
时间：2017/10/16 11:09:44
详细信息：
Application end.
-----------------------------
时间：2017/10/16 11:11:16
详细信息：
Application start......
-----------------------------
时间：2017/10/16 11:33:24
详细信息：
Application end.
-----------------------------
时间：2017/10/16 11:33:34
详细信息：
Application start......
-----------------------------
时间：2017/10/16 14:01:49
详细信息：
Application end.
-----------------------------
时间：2017/10/16 14:01:51
详细信息：
Application start......
-----------------------------
时间：2017/10/16 14:26:27
详细信息：
Application end.
-----------------------------
时间：2017/10/16 14:27:04
详细信息：
Application start......
-----------------------------
时间：2017/10/16 14:34:25
详细信息：
Application end.
-----------------------------
时间：2017/10/16 14:34:35
详细信息：
Application start......
-----------------------------
时间：2017/10/16 14:36:16
详细信息：
WebService:Logout 返回结果非xml格式
-----------------------------
时间：2017/10/16 14:39:29
详细信息：
Application end.
-----------------------------
时间：2017/10/16 14:39:51
详细信息：
Application start......
-----------------------------
时间：2017/10/16 14:42:58
详细信息：
WebService:Logout 返回结果非xml格式
-----------------------------
时间：2017/10/16 14:46:26
详细信息：
Application end.
-----------------------------
时间：2017/10/16 15:05:01
详细信息：
Application start......
-----------------------------
时间：2017/10/16 15:28:26
详细信息：
Application end.
-----------------------------
时间：2017/10/16 15:28:34
详细信息：
Application start......
-----------------------------
时间：2017/10/16 15:59:43
详细信息：
Application end.
-----------------------------
时间：2017/10/16 15:59:47
详细信息：
Application start......
-----------------------------
时间：2017/10/16 16:09:36
详细信息：
Application end.
-----------------------------
时间：2017/10/16 16:09:58
详细信息：
Application start......
-----------------------------
时间：2017/10/16 17:43:39
详细信息：
Application end.
-----------------------------
